Performing C SOURCE FILE Test C_SUPPORTS_WERROR_UNGUARDED_AVAILABILITY_NEW failed with the following output:
Change Dir: /home/thousanrance/tiny_project/build/CMakeFiles/CMakeTmp

Run Build Command(s):/usr/bin/ninja cmTC_dc682 && [1/2] Building C object CMakeFiles/cmTC_dc682.dir/src.c.o
FAILED: CMakeFiles/cmTC_dc682.dir/src.c.o 
/usr/bin/cc   -fPIC -Werror=date-time -DC_SUPPORTS_WERROR_UNGUARDED_AVAILABILITY_NEW   -Werror -Werror=unguarded-availability-new -o CMakeFiles/cmTC_dc682.dir/src.c.o   -c src.c
cc1: error: '-Werror=unguarded-availability-new': no option -Wunguarded-availability-new
ninja: build stopped: subcommand failed.


Source file was:
int main(void) { return 0; }
Performing C SOURCE FILE Test C_SUPPORTS_COVERED_SWITCH_DEFAULT_FLAG failed with the following output:
Change Dir: /home/thousanrance/tiny_project/build/CMakeFiles/CMakeTmp

Run Build Command(s):/usr/bin/ninja cmTC_2d5a2 && [1/2] Building C object CMakeFiles/cmTC_2d5a2.dir/src.c.o
FAILED: CMakeFiles/cmTC_2d5a2.dir/src.c.o 
/usr/bin/cc   -fPIC -Werror=date-time -Wall -Wextra -Wno-unused-parameter -Wwrite-strings -Wmissing-field-initializers -Wimplicit-fallthrough -DC_SUPPORTS_COVERED_SWITCH_DEFAULT_FLAG   -Werror -Wcovered-switch-default -o CMakeFiles/cmTC_2d5a2.dir/src.c.o   -c src.c
cc: error: unrecognized command line option '-Wcovered-switch-default'; did you mean '-Wno-switch-default'?
ninja: build stopped: subcommand failed.


Source file was:
int main(void) { return 0; }
Performing C++ SOURCE FILE Test CXX_SUPPORTS_CLASS_MEMACCESS_FLAG failed with the following output:
Change Dir: /home/thousanrance/tiny_project/build/CMakeFiles/CMakeTmp

Run Build Command(s):/usr/bin/ninja cmTC_8789e && [1/2] Building CXX object CMakeFiles/cmTC_8789e.dir/src.cxx.o
warning: unknown warning option '-Wclass-memaccess'; did you mean '-Wclass-varargs'? [-Wunknown-warning-option]
1 warning generated.
[2/2] Linking CXX executable cmTC_8789e


Source file was:
int main() { return 0; }
Performing C++ SOURCE FILE Test CXX_SUPPORTS_SUGGEST_OVERRIDE_FLAG failed with the following output:
Change Dir: /home/thousanrance/tiny_project/build/CMakeFiles/CMakeTmp

Run Build Command(s):/usr/bin/ninja cmTC_3703d && [1/2] Building CXX object CMakeFiles/cmTC_3703d.dir/src.cxx.o
warning: unknown warning option '-Wsuggest-override'; did you mean '-Wshift-overflow'? [-Wunknown-warning-option]
1 warning generated.
[2/2] Linking CXX executable cmTC_3703d


Source file was:
int main() { return 0; }
Performing C SOURCE FILE Test C_WCOMMENT_ALLOWS_LINE_WRAP failed with the following output:
Change Dir: /home/thousanrance/tiny_project/build/CMakeFiles/CMakeTmp

Run Build Command(s):/usr/bin/ninja cmTC_90514 && [1/2] Building C object CMakeFiles/cmTC_90514.dir/src.c.o
FAILED: CMakeFiles/cmTC_90514.dir/src.c.o 
/usr/bin/cc   -fPIC -Werror=date-time -Wall -Wextra -Wno-unused-parameter -Wwrite-strings -Wmissing-field-initializers -Wimplicit-fallthrough -DC_WCOMMENT_ALLOWS_LINE_WRAP  -Werror -Wcomment -o CMakeFiles/cmTC_90514.dir/src.c.o   -c src.c
src.c:1:1: error: multi-line comment [-Werror=comment]
    1 | // \
      | ^
cc1: all warnings being treated as errors
ninja: build stopped: subcommand failed.


Source file was:
// \
//
int main() {return 0;}
Performing C SOURCE FILE Test C_SUPPORTS_STRING_CONVERSION_FLAG failed with the following output:
Change Dir: /home/thousanrance/tiny_project/build/CMakeFiles/CMakeTmp

Run Build Command(s):/usr/bin/ninja cmTC_d5f60 && [1/2] Building C object CMakeFiles/cmTC_d5f60.dir/src.c.o
FAILED: CMakeFiles/cmTC_d5f60.dir/src.c.o 
/usr/bin/cc   -fPIC -Werror=date-time -Wall -Wextra -Wno-unused-parameter -Wwrite-strings -Wmissing-field-initializers -Wimplicit-fallthrough -Wno-comment -DC_SUPPORTS_STRING_CONVERSION_FLAG   -Werror -Wstring-conversion -o CMakeFiles/cmTC_d5f60.dir/src.c.o   -c src.c
cc: error: unrecognized command line option '-Wstring-conversion'; did you mean '-Wsign-conversion'?
ninja: build stopped: subcommand failed.


Source file was:
int main(void) { return 0; }
Performing C++ SOURCE FILE Test LINKER_SUPPORTS_COLOR_DIAGNOSTICS failed with the following output:
Change Dir: /home/thousanrance/tiny_project/build/CMakeFiles/CMakeTmp

Run Build Command(s):/usr/bin/ninja cmTC_d0f5c && [1/2] Building CXX object CMakeFiles/cmTC_d0f5c.dir/src.cxx.o
[2/2] Linking CXX executable cmTC_d0f5c
FAILED: cmTC_d0f5c 
: && /usr/bin/c++  -fPIC -fvisibility-inlines-hidden -Werror=date-time -Werror=unguarded-availability-new -Wall -Wextra -Wno-unused-parameter -Wwrite-strings -Wcast-qual -Wmissing-field-initializers -Wimplicit-fallthrough -Wcovered-switch-default -Wno-noexcept-type -Wnon-virtual-dtor -Wdelete-non-virtual-dtor -Wno-comment -Wstring-conversion -Wmisleading-indentation -fdiagnostics-color -DLINKER_SUPPORTS_COLOR_DIAGNOSTICS  -Wl,--color-diagnostics CMakeFiles/cmTC_d0f5c.dir/src.cxx.o  -o cmTC_d0f5c   && :
/usr/bin/ld: unrecognized option '--color-diagnostics'
/usr/bin/ld: use the --help option for usage information
clang: error: linker command failed with exit code 1 (use -v to see invocation)
ninja: build stopped: subcommand failed.


Source file was:
int main() { return 0; }
Determining if the os_signpost_interval_begin exist failed with the following output:
Change Dir: /home/thousanrance/tiny_project/build/CMakeFiles/CMakeTmp

Run Build Command(s):/usr/bin/ninja cmTC_701f9 && [1/2] Building C object CMakeFiles/cmTC_701f9.dir/CheckSymbolExists.c.o
FAILED: CMakeFiles/cmTC_701f9.dir/CheckSymbolExists.c.o 
/usr/bin/cc   -fPIC -Werror=date-time -Wall -Wextra -Wno-unused-parameter -Wwrite-strings -Wmissing-field-initializers -Wimplicit-fallthrough -Wno-comment -Wmisleading-indentation -fdiagnostics-color -ffunction-sections -fdata-sections -o CMakeFiles/cmTC_701f9.dir/CheckSymbolExists.c.o   -c CheckSymbolExists.c
CheckSymbolExists.c:2:10: fatal error: os/signpost.h: No such file or directory
    2 | #include <os/signpost.h>
      |          ^~~~~~~~~~~~~~~
compilation terminated.
ninja: build stopped: subcommand failed.


File /home/thousanrance/tiny_project/build/CMakeFiles/CMakeTmp/CheckSymbolExists.c:
/* */
#include <os/signpost.h>

int main(int argc, char** argv)
{
  (void)argv;
#ifndef os_signpost_interval_begin
  return ((int*)(&os_signpost_interval_begin))[argc];
#else
  (void)argc;
  return 0;
#endif
}
